<?xml version="1.0" encoding="UTF-8"?>
<!-- Generated by org.testng.reporters.JUnitReportReporter -->
<testsuite hostname="PratheepLenovo" failures="0" tests="4" name="test1" time="0.015" errors="0" timestamp="2023-02-26T13:34:25 GMT-06:00" skipped="0">
  <testcase classname="test1" name="regular" time="0.000"/>
  <system-out/>
  <testcase classname="test1" name="StreamCollect" time="0.009"/>
  <system-out/>
  <testcase classname="test1" name="streamMap" time="0.004"/>
  <system-out/>
  <testcase classname="test1" name="StreamsFilter" time="0.002"/>
  <system-out/>
</testsuite> <!-- test1 -->
